<?xml version="1.0" encoding="UTF-8"?>
<testng-results skipped="0" failed="0" total="1" passed="1">
  <reporter-output>
  </reporter-output>
  <suite name="Suite" duration-ms="12002" started-at="2017-04-06T15:12:42Z" finished-at="2017-04-06T15:12:54Z">
    <groups>
    </groups>
    <test name="Test" duration-ms="12002" started-at="2017-04-06T15:12:42Z" finished-at="2017-04-06T15:12:54Z">
      <class name="TestSuite.MonsterTest">
        <test-method status="PASS" signature="beforeTest()[pri:0, instance:TestSuite.MonsterTest@96532d6]" name="beforeTest" is-config="true" duration-ms="11628" started-at="2017-04-06T20:42:42Z" finished-at="2017-04-06T20:42:53Z">
          <reporter-output>
          </reporter-output>
        </test-method> <!-- beforeTest -->
        <test-method status="PASS" signature="f()[pri:0, instance:TestSuite.MonsterTest@96532d6]" name="f" duration-ms="323" started-at="2017-04-06T20:42:53Z" finished-at="2017-04-06T20:42:54Z">
          <reporter-output>
          </reporter-output>
        </test-method> <!-- f -->
      </class> <!-- TestSuite.MonsterTest -->
    </test> <!-- Test -->
  </suite> <!-- Suite -->
</testng-results>
